[0.0] Booting Linux on physical CPU 0x0000000000 [0x410fd083]
[0.0] Linux version 5.10.1-v8 (buildroot@fec0a68b22cb) (aarch64-buildroot-linux-gnu-gcc.br_real (Buildroot 2021.02.8) 9.4.0, GNU ld (GNU Binutils) 2.35.2) #1 SMP PREEMPT Tue Jan 25 11:53:28 UTC 2022
[0.0] Machine model: Raspberry Pi 4 Model B Rev 1.4
[0.0] efi: UEFI not found.
[0.0] Reserved memory: created CMA memory pool at 0x000000002ac00000, size 64 MiB
[0.0] OF: reserved mem: initialized node linux,cma, compatible id shared-dma-pool
[0.0] Zone ranges:
[0.0]   DMA      [mem 0x0000000000000000-0x000000003fffffff]
[0.0]   DMA32    [mem 0x0000000040000000-0x00000000ffffffff]
[0.0]   Normal   [mem 0x0000000100000000-0x00000001ffffffff]
[0.0] Movable zone start for each node
[0.0] Early memory node ranges
[0.0]   node   0: [mem 0x0000000000000000-0x0000000039bfffff]
[0.0]   node   0: [mem 0x0000000040000000-0x00000000fbffffff]
[0.0]   node   0: [mem 0x0000000100000000-0x00000001ffffffff]
[0.0] Initmem setup node 0 [mem 0x0000000000000000-0x00000001ffffffff]
[0.0] On node 0 totalpages: 2055168
[0.0]   DMA zone: 3696 pages used for memmap
[0.0]   DMA zone: 0 pages reserved
[0.0]   DMA zone: 236544 pages, LIFO batch:63
[0.0]   DMA32 zone: 12288 pages used for memmap
[0.0]   DMA32 zone: 770048 pages, LIFO batch:63
[0.0]   Normal zone: 16384 pages used for memmap
[0.0]   Normal zone: 1048576 pages, LIFO batch:63
[0.0] percpu: Embedded 32 pages/cpu s91160 r8192 d31720 u131072
[0.0] pcpu-alloc: s91160 r8192 d31720 u131072 alloc=32*4096
[0.0] pcpu-alloc: [0] 0 [0] 1 [0] 2 [0] 3 
[0.0] Detected PIPT I-cache on CPU0
[0.0] CPU features: detected: Spectre-v2
[0.0] CPU features: detected: Spectre-v4
[0.0] CPU features: detected: ARM errata 1165522, 1319367, or 1530923
[0.0] Built 1 zonelists, mobility grouping on.  Total pages: 2022800
[0.0] Kernel command line: coherent_pool=1M 8250.nr_uarts=1 snd_bcm2835.enable_compat_alsa=0 snd_bcm2835.enable_hdmi=1 bcm2708_fb.fbwidth=1920 bcm2708_fb.fbheight=1080 bcm2708_fb.fbswap=1 smsc95xx.macaddr=DC:A6:32:D4:44:9D vc_mem.mem_base=0x3ec00000 vc_mem.mem_size=0x40000000  root=/dev/mmcblk0p2 rootwait console=tty1 console=ttyAMA0,115200
[0.0] Dentry cache hash table entries: 1048576 (order: 11, 8388608 bytes, linear)
[0.0] Inode-cache hash table entries: 524288 (order: 10, 4194304 bytes, linear)
[0.0] mem auto-init: stack:off, heap alloc:off, heap free:off
[0.0] software IO TLB: mapped [mem 0x0000000035c00000-0x0000000039c00000] (64MB)
[0.0] Memory: 7906308K/8220672K available (11456K kernel code, 1934K rwdata, 4036K rodata, 3776K init, 1260K bss, 248828K reserved, 65536K cma-reserved)
[0.0] SLUB: HWalign=64, Order=0-3, MinObjects=0, CPUs=4, Nodes=1
[0.0] ftrace: allocating 37357 entries in 146 pages
[0.0] ftrace: allocated 146 pages with 3 groups
[0.0] rcu: Preemptible hierarchical RCU implementation.
[0.0] rcu: 	RCU event tracing is enabled.
[0.0] rcu: 	RCU restricting CPUs from NR_CPUS=256 to nr_cpu_ids=4.
[0.0] 	Trampoline variant of Tasks RCU enabled.
[0.0] 	Rude variant of Tasks RCU enabled.
[0.0] 	Tracing variant of Tasks RCU enabled.
[0.0] rcu: RCU calculated value of scheduler-enlistment delay is 25 jiffies.
[0.0] rcu: Adjusting geometry for rcu_fanout_leaf=16, nr_cpu_ids=4
[0.0] NR_IRQS: 64, nr_irqs: 64, preallocated irqs: 0
[0.0] GIC: Using split EOI/Deactivate mode
[0.0] random: get_random_bytes called from start_kernel+0x3b8/0x57c with crng_init=0
[0.0] arch_timer: cp15 timer(s) running at 54.00MHz (phys).
[0.0] clocksource: arch_sys_counter: mask: 0xffffffffffffff max_cycles: 0xc743ce346, max_idle_ns: 440795203123 ns
[0.0] sched_clock: 56 bits at 54MHz, resolution 18ns, wraps every 4398046511102ns
[0.0] Console: colour dummy device 80x25
[0.0] printk: console [tty1] enabled
[0.0] Calibrating delay loop (skipped), value calculated using timer frequency.. 108.00 BogoMIPS (lpj=216000)
[0.0] pid_max: default: 32768 minimum: 301
[0.0] LSM: Security Framework initializing
[0.0] Mount-cache hash table entries: 16384 (order: 5, 131072 bytes, linear)
[0.0] Mountpoint-cache hash table entries: 16384 (order: 5, 131072 bytes, linear)
[0.0] Disabling memory control group subsystem
[0.0] rcu: Hierarchical SRCU implementation.
[0.0] EFI services will not be available.
[0.0] smp: Bringing up secondary CPUs ...
[0.0] Detected PIPT I-cache on CPU1
[0.0] CPU1: Booted secondary processor 0x0000000001 [0x410fd083]
[0.0] Detected PIPT I-cache on CPU2
[0.0] CPU2: Booted secondary processor 0x0000000002 [0x410fd083]
[0.0] Detected PIPT I-cache on CPU3
[0.0] CPU3: Booted secondary processor 0x0000000003 [0x410fd083]
[0.0] smp: Brought up 1 node, 4 CPUs
[0.0] SMP: Total of 4 processors activated.
[0.0] CPU features: detected: 32-bit EL0 Support
[0.0] CPU features: detected: CRC32 instructions
[0.0] CPU features: detected: 32-bit EL1 Support
[0.0] CPU: All CPU(s) started at EL2
[0.0] alternatives: patching kernel code
[0.0] devtmpfs: initialized
[0.0] Enabled cp15_barrier support
[0.0] Enabled setend support
[0.0] clocksource: jiffies: mask: 0xffffffff max_cycles: 0xffffffff, max_idle_ns: 7645041785100000 ns
[0.0] futex hash table entries: 1024 (order: 4, 65536 bytes, linear)
[0.0] pinctrl core: initialized pinctrl subsystem
[0.0] DMI not present or invalid.
[0.0] NET: Registered protocol family 16
[0.0] DMA: preallocated 1024 KiB GFP_KERNEL pool for atomic allocations
[0.0] DMA: preallocated 1024 KiB GFP_KERNEL|GFP_DMA pool for atomic allocations
[0.0] DMA: preallocated 1024 KiB GFP_KERNEL|GFP_DMA32 pool for atomic allocations
[0.0] audit: initializing netlink subsys (disabled)
[0.0] audit: type=2000 audit(0.064:1): state=initialized audit_enabled=0 res=1
[0.0] thermal_sys: Registered thermal governor 'step_wise'
[0.0] cpuidle: using governor menu
[0.0] hw-breakpoint: found 6 breakpoint and 4 watchpoint registers.
[0.0] ASID allocator initialised with 65536 entries
[0.0] Serial: AMBA PL011 UART driver
[0.0] bcm2835-mbox fe00b880.mailbox: mailbox enabled
[0.0] raspberrypi-firmware soc:firmware: Attached to firmware from 2020-12-15T18:28:46, variant start
[0.0] raspberrypi-firmware soc:firmware: Firmware hash is 4b4aff21f72c5b9ba39d83c7b0f8fa910a6ef99b
[0.0] HugeTLB registered 1.00 GiB page size, pre-allocated 0 pages
[0.0] HugeTLB registered 32.0 MiB page size, pre-allocated 0 pages
[0.0] HugeTLB registered 2.00 MiB page size, pre-allocated 0 pages
[0.0] HugeTLB registered 64.0 KiB page size, pre-allocated 0 pages
[0.0] bcm2835-dma fe007000.dma: DMA legacy API manager, dmachans=0x1
[0.0] vgaarb: loaded
[0.0] SCSI subsystem initialized
[0.0] usbcore: registered new interface driver usbfs
[0.0] usbcore: registered new interface driver hub
[0.0] usbcore: registered new device driver usb
[0.0] usb_phy_generic phy: supply vcc not found, using dummy regulator
[0.0] clocksource: Switched to clocksource arch_sys_counter
[0.0] VFS: Disk quotas dquot_6.6.0
[0.0] VFS: Dquot-cache hash table entries: 512 (order 0, 4096 bytes)
[0.0] FS-Cache: Loaded
[0.0] CacheFiles: Loaded
[0.0] NET: Registered protocol family 2
[0.0] tcp_listen_portaddr_hash hash table entries: 4096 (order: 4, 65536 bytes, linear)
[0.0] TCP established hash table entries: 65536 (order: 7, 524288 bytes, linear)
[0.0] TCP bind hash table entries: 65536 (order: 8, 1048576 bytes, linear)
[0.0] TCP: Hash tables configured (established 65536 bind 65536)
[0.0] UDP hash table entries: 4096 (order: 5, 131072 bytes, linear)
[0.0] UDP-Lite hash table entries: 4096 (order: 5, 131072 bytes, linear)
[0.0] NET: Registered protocol family 1
[0.0] RPC: Registered named UNIX socket transport module.
[0.0] RPC: Registered udp transport module.
[0.0] RPC: Registered tcp transport module.
[0.0] RPC: Registered tcp NFSv4.1 backchannel transport module.
[0.0] PCI: CLS 0 bytes, default 64
[0.0] hw perfevents: enabled with armv8_cortex_a72 PMU driver, 7 counters available
[0.0] kvm [1]: IPA Size Limit: 44 bits
[0.0] kvm [1]: vgic interrupt IRQ9
[0.0] kvm [1]: Hyp mode initialized successfully
[0.0] Initialise system trusted keyrings
[0.0] workingset: timestamp_bits=46 max_order=21 bucket_order=0
[0.0] zbud: loaded
[0.0] FS-Cache: Netfs 'nfs' registered for caching
[0.0] NFS: Registering the id_resolver key type
[0.0] Key type id_resolver registered
[0.0] Key type id_legacy registered
[0.0] nfs4filelayout_init: NFSv4 File Layout Driver Registering...
[0.0] Key type asymmetric registered
[0.0] Asymmetric key parser 'x509' registered
[0.0] Block layer SCSI generic (bsg) driver version 0.4 loaded (major 249)
[0.0] io scheduler mq-deadline registered
[0.0] io scheduler kyber registered
[0.0] brcm-pcie fd500000.pcie: host bridge /scb/pcie@7d500000 ranges:
[0.0] brcm-pcie fd500000.pcie:   No bus range found for /scb/pcie@7d500000, using [bus 00-ff]
[0.0] brcm-pcie fd500000.pcie:      MEM 0x0600000000..0x063fffffff -> 0x00c0000000
[0.0] brcm-pcie fd500000.pcie:   IB MEM 0x0000000000..0x00bfffffff -> 0x0400000000
[0.0] brcm-pcie fd500000.pcie: link up, 5.0 GT/s PCIe x1 (SSC)
[0.0] brcm-pcie fd500000.pcie: PCI host bridge to bus 0000:00
[0.0] pci_bus 0000:00: root bus resource [bus 00-ff]
[0.0] pci_bus 0000:00: root bus resource [mem 0x600000000-0x63fffffff] (bus address [0xc0000000-0xffffffff])
[0.0] pci 0000:00:00.0: [14e4:2711] type 01 class 0x060400
[0.0] pci 0000:00:00.0: PME# supported from D0 D3hot
[0.0] pci 0000:01:00.0: [1106:3483] type 00 class 0x0c0330
[0.0] pci 0000:01:00.0: reg 0x10: [mem 0x00000000-0x00000fff 64bit]
[0.0] pci 0000:01:00.0: PME# supported from D0 D3hot
[0.0] pci 0000:00:00.0: BAR 8: assigned [mem 0x600000000-0x6000fffff]
[0.0] pci 0000:01:00.0: BAR 0: assigned [mem 0x600000000-0x600000fff 64bit]
[0.0] pci 0000:00:00.0: PCI bridge to [bus 01]
[0.0] pci 0000:00:00.0:   bridge window [mem 0x600000000-0x6000fffff]
[0.0] bcm2708_fb soc:fb: FB found 1 display(s)
[0.0] Console: switching to colour frame buffer device 240x67
[0.0] bcm2708_fb soc:fb: Registered framebuffer for display 0, size 1920x1080
[0.0] Serial: 8250/16550 driver, 1 ports, IRQ sharing enabled
[0.0] bcm2835-aux-uart fe215040.serial: there is not valid maps for state default
[0.0] iproc-rng200 fe104000.rng: hwrng registered
[0.0] vc-mem: phys_addr:0x00000000 mem_base=0x3ec00000 mem_size:0x40000000(1024 MiB)
[0.0] gpiomem-bcm2835 fe200000.gpiomem: Initialised: Registers at 0xfe200000
[0.0] cacheinfo: Unable to detect cache hierarchy for CPU 0
[0.0] brd: module loaded
[0.0] loop: module loaded
[0.0] Loading iSCSI transport class v2.0-870.
[0.0] libphy: Fixed MDIO Bus: probed
[0.0] bcmgenet fd580000.ethernet: GENET 5.0 EPHY: 0x0000
[0.0] libphy: bcmgenet MII bus: probed
[0.0] unimac-mdio unimac-mdio.-19: Broadcom UniMAC MDIO bus
[0.0] usbcore: registered new interface driver r8152
[0.0] usbcore: registered new interface driver lan78xx
[0.0] usbcore: registered new interface driver smsc95xx
[0.0] pci 0000:00:00.0: enabling device (0000 -> 0002)
[0.0] xhci_hcd 0000:01:00.0: xHCI Host Controller
[0.0] xhci_hcd 0000:01:00.0: new USB bus registered, assigned bus number 1
[0.0] xhci_hcd 0000:01:00.0: hcc params 0x002841eb hci version 0x100 quirks 0x0000018000000890
[0.0] usb usb1: New USB device found, idVendor=1d6b, idProduct=0002, bcdDevice= 5.10
[0.0] usb usb1: New USB device strings: Mfr=3, Product=2, SerialNumber=1
[0.0] usb usb1: Product: xHCI Host Controller
[0.0] usb usb1: Manufacturer: Linux 5.10.1-v8 xhci-hcd
[0.0] usb usb1: SerialNumber: 0000:01:00.0
[0.0] hub 1-0:1.0: USB hub found
[0.0] hub 1-0:1.0: 1 port detected
[0.0] xhci_hcd 0000:01:00.0: xHCI Host Controller
[0.0] xhci_hcd 0000:01:00.0: new USB bus registered, assigned bus number 2
[0.0] xhci_hcd 0000:01:00.0: Host supports USB 3.0 SuperSpeed
[0.0] usb usb2: New USB device found, idVendor=1d6b, idProduct=0003, bcdDevice= 5.10
[0.0] usb usb2: New USB device strings: Mfr=3, Product=2, SerialNumber=1
[0.0] usb usb2: Product: xHCI Host Controller
[0.0] usb usb2: Manufacturer: Linux 5.10.1-v8 xhci-hcd
[0.0] usb usb2: SerialNumber: 0000:01:00.0
[0.0] hub 2-0:1.0: USB hub found
[0.0] hub 2-0:1.0: 4 ports detected
[0.0] dwc_otg: version 3.00a 10-AUG-2012 (platform bus)
[0.0] dwc_otg: FIQ enabled
[0.0] dwc_otg: NAK holdoff enabled
[0.0] dwc_otg: FIQ split-transaction FSM enabled
[0.0] Module dwc_common_port init
[0.0] usbcore: registered new interface driver uas
[0.0] usbcore: registered new interface driver usb-storage
[0.0] vhci_hcd: vhci_hcd_probe:1338: name vhci_hcd id 0
[0.0] vhci_hcd vhci_hcd.0: USB/IP Virtual Host Controller
[0.0] vhci_hcd vhci_hcd.0: new USB bus registered, assigned bus number 3
[0.0] vhci_hcd: vhci_start:1170: enter vhci_start
[0.0] vhci_hcd: vhci_start:1212: created sysfs vhci_hcd.0
[0.0] usb usb3: New USB device found, idVendor=1d6b, idProduct=0002, bcdDevice= 5.10
[0.0] usb usb3: New USB device strings: Mfr=3, Product=2, SerialNumber=1
[0.0] usb usb3: Product: USB/IP Virtual Host Controller
[0.0] usb usb3: Manufacturer: Linux 5.10.1-v8 vhci_hcd
[0.0] usb usb3: SerialNumber: vhci_hcd.0
[0.0] hub 3-0:1.0: USB hub found
[0.0] vhci_hcd: vhci_hub_control:335: typeReq a006 wValue 2900 wIndex 0
[0.0] vhci_hcd: vhci_hub_control:404:  GetHubDescriptor
[0.0] vhci_hcd: vhci_hub_control:634: port -1
[0.0] vhci_hcd: vhci_hub_control:642:  bye
[0.0] hub 3-0:1.0: 8 ports detected
[0.0] vhci_hcd: vhci_hub_control:335: typeReq a000 wValue 0 wIndex 0
[0.0] vhci_hcd: vhci_hub_control:427:  GetHubStatus
[0.0] vhci_hcd: vhci_hub_control:634: port -1
[0.0] vhci_hcd: vhci_hub_control:642:  bye
[0.0] vhci_hcd: vhci_hub_control:335: typeReq 2303 wValue 8 wIndex 1
[0.0] vhci_hcd: vhci_hub_control:540:  SetPortFeature: USB_PORT_FEAT_POWER
[0.0] vhci_hcd: vhci_hub_control:634: port 0
[0.0] vhci_hcd: dump_port_status_diff:128: status prev -> new: 00000000 -> 00000100
[0.0] vhci_hcd: dump_port_status_diff:142:  +POWER
[0.0] vhci_hcd: dump_port_status_diff:150: 
[0.0] vhci_hcd: vhci_hub_control:642:  bye
[0.0] vhci_hcd: vhci_hub_control:335: typeReq 2303 wValue 8 wIndex 2
[0.0] vhci_hcd: vhci_hub_control:540:  SetPortFeature: USB_PORT_FEAT_POWER
[0.0] vhci_hcd: vhci_hub_control:634: port 1
[0.0] vhci_hcd: dump_port_status_diff:128: status prev -> new: 00000000 -> 00000100
[0.0] vhci_hcd: dump_port_status_diff:142:  +POWER
[0.0] vhci_hcd: dump_port_status_diff:150: 
[0.0] vhci_hcd: vhci_hub_control:642:  bye
[0.0] vhci_hcd: vhci_hub_control:335: typeReq 2303 wValue 8 wIndex 3
[0.0] vhci_hcd: vhci_hub_control:540:  SetPortFeature: USB_PORT_FEAT_POWER
[0.0] vhci_hcd: vhci_hub_control:634: port 2
[0.0] vhci_hcd: dump_port_status_diff:128: status prev -> new: 00000000 -> 00000100
[0.0] vhci_hcd: dump_port_status_diff:142:  +POWER
[0.0] vhci_hcd: dump_port_status_diff:150: 
[0.0] vhci_hcd: vhci_hub_control:642:  bye
[0.0] vhci_hcd: vhci_hub_control:335: typeReq 2303 wValue 8 wIndex 4
[0.0] vhci_hcd: vhci_hub_control:540:  SetPortFeature: USB_PORT_FEAT_POWER
[0.0] vhci_hcd: vhci_hub_control:634: port 3
[0.0] vhci_hcd: dump_port_status_diff:128: status prev -> new: 00000000 -> 00000100
[0.0] vhci_hcd: dump_port_status_diff:142:  +POWER
[0.0] vhci_hcd: dump_port_status_diff:150: 
[0.0] vhci_hcd: vhci_hub_control:642:  bye
[0.0] vhci_hcd: vhci_hub_control:335: typeReq 2303 wValue 8 wIndex 5
[0.0] vhci_hcd: vhci_hub_control:540:  SetPortFeature: USB_PORT_FEAT_POWER
[0.0] vhci_hcd: vhci_hub_control:634: port 4
[0.0] vhci_hcd: dump_port_status_diff:128: status prev -> new: 00000000 -> 00000100
[0.0] vhci_hcd: dump_port_status_diff:142:  +POWER
[0.0] vhci_hcd: dump_port_status_diff:150: 
[0.0] vhci_hcd: vhci_hub_control:642:  bye
[0.0] vhci_hcd: vhci_hub_control:335: typeReq 2303 wValue 8 wIndex 6
[0.0] vhci_hcd: vhci_hub_control:540:  SetPortFeature: USB_PORT_FEAT_POWER
[0.0] vhci_hcd: vhci_hub_control:634: port 5
[0.0] vhci_hcd: dump_port_status_diff:128: status prev -> new: 00000000 -> 00000100
[0.0] vhci_hcd: dump_port_status_diff:142:  +POWER
[0.0] vhci_hcd: dump_port_status_diff:150: 
[0.0] vhci_hcd: vhci_hub_control:642:  bye
[0.0] vhci_hcd: vhci_hub_control:335: typeReq 2303 wValue 8 wIndex 7
[0.0] vhci_hcd: vhci_hub_control:540:  SetPortFeature: USB_PORT_FEAT_POWER
[0.0] vhci_hcd: vhci_hub_control:634: port 6
[0.0] vhci_hcd: dump_port_status_diff:128: status prev -> new: 00000000 -> 00000100
[0.0] vhci_hcd: dump_port_status_diff:142:  +POWER
[0.0] vhci_hcd: dump_port_status_diff:150: 
[0.0] vhci_hcd: vhci_hub_control:642:  bye
[0.0] vhci_hcd: vhci_hub_control:335: typeReq 2303 wValue 8 wIndex 8
[0.0] vhci_hcd: vhci_hub_control:540:  SetPortFeature: USB_PORT_FEAT_POWER
[0.0] vhci_hcd: vhci_hub_control:634: port 7
[0.0] vhci_hcd: dump_port_status_diff:128: status prev -> new: 00000000 -> 00000100
[0.0] vhci_hcd: dump_port_status_diff:142:  +POWER
[0.0] vhci_hcd: dump_port_status_diff:150: 
[0.0] vhci_hcd: vhci_hub_control:642:  bye
[0.0] vhci_hcd vhci_hcd.0: USB/IP Virtual Host Controller
[0.0] vhci_hcd vhci_hcd.0: new USB bus registered, assigned bus number 4
[0.0] vhci_hcd: vhci_start:1170: enter vhci_start
[0.0] vhci_hcd: vhci_hub_control:335: typeReq 8006 wValue f00 wIndex 0
[0.0] vhci_hcd: vhci_hub_control:634: port -1
[0.0] vhci_hcd: vhci_hub_control:642:  bye
[0.0] vhci_hcd: vhci_hub_control:335: typeReq 8006 wValue f00 wIndex 0
[0.0] vhci_hcd: vhci_hub_control:634: port -1
[0.0] vhci_hcd: vhci_hub_control:642:  bye
[0.0] usb usb4: We don't know the algorithms for LPM for this host, disabling LPM.
[0.0] usb usb4: New USB device found, idVendor=1d6b, idProduct=0003, bcdDevice= 5.10
[0.0] usb usb4: New USB device strings: Mfr=3, Product=2, SerialNumber=1
[0.0] usb usb4: Product: USB/IP Virtual Host Controller
[0.0] usb usb4: Manufacturer: Linux 5.10.1-v8 vhci_hcd
[0.0] usb usb4: SerialNumber: vhci_hcd.0
[0.0] hub 4-0:1.0: USB hub found
[0.0] vhci_hcd: vhci_hub_control:335: typeReq a006 wValue 2a00 wIndex 0
[0.0] vhci_hcd: vhci_hub_control:404:  GetHubDescriptor
[0.0] vhci_hcd: vhci_hub_control:634: port -1
[0.0] vhci_hcd: vhci_hub_control:642:  bye
[0.0] hub 4-0:1.0: 8 ports detected
[0.0] vhci_hcd: vhci_hub_control:335: typeReq a000 wValue 0 wIndex 0
[0.0] vhci_hcd: vhci_hub_control:427:  GetHubStatus
[0.0] vhci_hcd: vhci_hub_control:634: port -1
[0.0] vhci_hcd: vhci_hub_control:642:  bye
[0.0] vhci_hcd: vhci_hub_control:335: typeReq 2303 wValue 8 wIndex 1
[0.0] vhci_hcd: vhci_hub_control:540:  SetPortFeature: USB_PORT_FEAT_POWER
[0.0] vhci_hcd: vhci_hub_control:634: port 0
[0.0] vhci_hcd: dump_port_status_diff:128: status prev -> new: 00000000 -> 00000200
[0.0] vhci_hcd: dump_port_status_diff:142:  +POWER
[0.0] vhci_hcd: dump_port_status_diff:150: 
[0.0] vhci_hcd: vhci_hub_control:642:  bye
[0.0] vhci_hcd: vhci_hub_control:335: typeReq 2303 wValue 8 wIndex 2
[0.0] vhci_hcd: vhci_hub_control:540:  SetPortFeature: USB_PORT_FEAT_POWER
[0.0] vhci_hcd: vhci_hub_control:634: port 1
[0.0] vhci_hcd: dump_port_status_diff:128: status prev -> new: 00000000 -> 00000200
[0.0] vhci_hcd: dump_port_status_diff:142:  +POWER
[0.0] vhci_hcd: dump_port_status_diff:150: 
[0.0] vhci_hcd: vhci_hub_control:642:  bye
[0.0] vhci_hcd: vhci_hub_control:335: typeReq 2303 wValue 8 wIndex 3
[0.0] vhci_hcd: vhci_hub_control:540:  SetPortFeature: USB_PORT_FEAT_POWER
[0.0] vhci_hcd: vhci_hub_control:634: port 2
[0.0] vhci_hcd: dump_port_status_diff:128: status prev -> new: 00000000 -> 00000200
[0.0] vhci_hcd: dump_port_status_diff:142:  +POWER
[0.0] vhci_hcd: dump_port_status_diff:150: 
[0.0] vhci_hcd: vhci_hub_control:642:  bye
[0.0] vhci_hcd: vhci_hub_control:335: typeReq 2303 wValue 8 wIndex 4
[0.0] vhci_hcd: vhci_hub_control:540:  SetPortFeature: USB_PORT_FEAT_POWER
[0.0] vhci_hcd: vhci_hub_control:634: port 3
[0.0] vhci_hcd: dump_port_status_diff:128: status prev -> new: 00000000 -> 00000200
[0.0] vhci_hcd: dump_port_status_diff:142:  +POWER
[0.0] vhci_hcd: dump_port_status_diff:150: 
[0.0] vhci_hcd: vhci_hub_control:642:  bye
[0.0] vhci_hcd: vhci_hub_control:335: typeReq 2303 wValue 8 wIndex 5
[0.0] vhci_hcd: vhci_hub_control:540:  SetPortFeature: USB_PORT_FEAT_POWER
[0.0] vhci_hcd: vhci_hub_control:634: port 4
[0.0] vhci_hcd: dump_port_status_diff:128: status prev -> new: 00000000 -> 00000200
[0.0] vhci_hcd: dump_port_status_diff:142:  +POWER
[0.0] vhci_hcd: dump_port_status_diff:150: 
[0.0] vhci_hcd: vhci_hub_control:642:  bye
[0.0] vhci_hcd: vhci_hub_control:335: typeReq 2303 wValue 8 wIndex 6
[0.0] vhci_hcd: vhci_hub_control:540:  SetPortFeature: USB_PORT_FEAT_POWER
[0.0] vhci_hcd: vhci_hub_control:634: port 5
[0.0] vhci_hcd: dump_port_status_diff:128: status prev -> new: 00000000 -> 00000200
[0.0] vhci_hcd: dump_port_status_diff:142:  +POWER
[0.0] vhci_hcd: dump_port_status_diff:150: 
[0.0] vhci_hcd: vhci_hub_control:642:  bye
[0.0] vhci_hcd: vhci_hub_control:335: typeReq 2303 wValue 8 wIndex 7
[0.0] vhci_hcd: vhci_hub_control:540:  SetPortFeature: USB_PORT_FEAT_POWER
[0.0] vhci_hcd: vhci_hub_control:634: port 6
[0.0] vhci_hcd: dump_port_status_diff:128: status prev -> new: 00000000 -> 00000200
[0.0] vhci_hcd: dump_port_status_diff:142:  +POWER
[0.0] vhci_hcd: dump_port_status_diff:150: 
[0.0] vhci_hcd: vhci_hub_control:642:  bye
[0.0] vhci_hcd: vhci_hub_control:335: typeReq 2303 wValue 8 wIndex 8
[0.0] vhci_hcd: vhci_hub_control:540:  SetPortFeature: USB_PORT_FEAT_POWER
[0.0] vhci_hcd: vhci_hub_control:634: port 7
[0.0] vhci_hcd: dump_port_status_diff:128: status prev -> new: 00000000 -> 00000200
[0.0] vhci_hcd: dump_port_status_diff:142:  +POWER
[0.0] vhci_hcd: dump_port_status_diff:150: 
[0.0] vhci_hcd: vhci_hub_control:642:  bye
[0.0] vhci_hcd: vhci_hcd_probe:1375: bye
[0.0] usbcore: registered new device driver usbip-host
[0.0] mousedev: PS/2 mouse device common for all mice
[0.0] bcm2835-wdt bcm2835-wdt: Broadcom BCM2835 watchdog timer
[0.0] sdhci: Secure Digital Host Controller Interface driver
[0.0] sdhci: Copyright(c) Pierre Ossman
[0.0] mmc-bcm2835 fe300000.mmcnr: could not get clk, deferring probe
[0.0] sdhci-pltfm: SDHCI platform and OF driver helper
[0.0] ledtrig-cpu: registered to indicate activity on CPUs
[0.0] hid: raw HID events driver (C) Jiri Kosina
[0.0] usbcore: registered new interface driver usbhid
[0.0] usbhid: USB HID core driver
[0.0] Initializing XFRM netlink socket
[0.0] NET: Registered protocol family 17
[0.0] Key type dns_resolver registered
[0.0] registered taskstats version 1
[0.0] Loading compiled-in X.509 certificates
[0.0] Key type ._fscrypt registered
[0.0] Key type .fscrypt registered
[0.0] Key type fscrypt-provisioning registered
[0.0] vhci_hcd: vhci_hub_control:335: typeReq a300 wValue 0 wIndex 1
[0.0] vhci_hcd: vhci_hub_control:431:  GetPortStatus port 1
[0.0] vhci_hcd: vhci_hub_control:486:  GetPortStatus bye 100 0
[0.0] vhci_hcd: vhci_hub_control:634: port 0
[0.0] vhci_hcd: dump_port_status_diff:128: status prev -> new: 00000100 -> 00000100
[0.0] vhci_hcd: dump_port_status_diff:142:   POWER
[0.0] vhci_hcd: dump_port_status_diff:150: 
[0.0] vhci_hcd: vhci_hub_control:642:  bye
[0.0] vhci_hcd: vhci_hub_control:335: typeReq a300 wValue 0 wIndex 2
[0.0] vhci_hcd: vhci_hub_control:431:  GetPortStatus port 2
[0.0] vhci_hcd: vhci_hub_control:486:  GetPortStatus bye 100 0
[0.0] vhci_hcd: vhci_hub_control:634: port 1
[0.0] vhci_hcd: dump_port_status_diff:128: status prev -> new: 00000100 -> 00000100
[0.0] vhci_hcd: dump_port_status_diff:142:   POWER
[0.0] vhci_hcd: dump_port_status_diff:150: 
[0.0] vhci_hcd: vhci_hub_control:642:  bye
[0.0] vhci_hcd: vhci_hub_control:335: typeReq a300 wValue 0 wIndex 3
[0.0] vhci_hcd: vhci_hub_control:431:  GetPortStatus port 3
[0.0] vhci_hcd: vhci_hub_control:486:  GetPortStatus bye 100 0
[0.0] vhci_hcd: vhci_hub_control:634: port 2
[0.0] vhci_hcd: dump_port_status_diff:128: status prev -> new: 00000100 -> 00000100
[0.0] vhci_hcd: dump_port_status_diff:142:   POWER
[0.0] vhci_hcd: dump_port_status_diff:150: 
[0.0] vhci_hcd: vhci_hub_control:642:  bye
[0.0] vhci_hcd: vhci_hub_control:335: typeReq a300 wValue 0 wIndex 4
[0.0] vhci_hcd: vhci_hub_control:431:  GetPortStatus port 4
[0.0] vhci_hcd: vhci_hub_control:486:  GetPortStatus bye 100 0
[0.0] vhci_hcd: vhci_hub_control:634: port 3
[0.0] vhci_hcd: dump_port_status_diff:128: status prev -> new: 00000100 -> 00000100
[0.0] vhci_hcd: dump_port_status_diff:142:   POWER
[0.0] vhci_hcd: dump_port_status_diff:150: 
[0.0] vhci_hcd: vhci_hub_control:642:  bye
[0.0] vhci_hcd: vhci_hub_control:335: typeReq a300 wValue 0 wIndex 5
[0.0] vhci_hcd: vhci_hub_control:431:  GetPortStatus port 5
[0.0] vhci_hcd: vhci_hub_control:486:  GetPortStatus bye 100 0
[0.0] vhci_hcd: vhci_hub_control:634: port 4
[0.0] vhci_hcd: dump_port_status_diff:128: status prev -> new: 00000100 -> 00000100
[0.0] vhci_hcd: dump_port_status_diff:142:   POWER
[0.0] vhci_hcd: dump_port_status_diff:150: 
[0.0] vhci_hcd: vhci_hub_control:642:  bye
[0.0] vhci_hcd: vhci_hub_control:335: typeReq a300 wValue 0 wIndex 6
[0.0] vhci_hcd: vhci_hub_control:431:  GetPortStatus port 6
[0.0] vhci_hcd: vhci_hub_control:486:  GetPortStatus bye 100 0
[0.0] vhci_hcd: vhci_hub_control:634: port 5
[0.0] vhci_hcd: dump_port_status_diff:128: status prev -> new: 00000100 -> 00000100
[0.0] vhci_hcd: dump_port_status_diff:142:   POWER
[0.0] vhci_hcd: dump_port_status_diff:150: 
[0.0] vhci_hcd: vhci_hub_control:642:  bye
[0.0] vhci_hcd: vhci_hub_control:335: typeReq a300 wValue 0 wIndex 7
[0.0] vhci_hcd: vhci_hub_control:431:  GetPortStatus port 7
[0.0] vhci_hcd: vhci_hub_control:486:  GetPortStatus bye 100 0
[0.0] vhci_hcd: vhci_hub_control:634: port 6
[0.0] vhci_hcd: dump_port_status_diff:128: status prev -> new: 00000100 -> 00000100
[0.0] vhci_hcd: dump_port_status_diff:142:   POWER
[0.0] vhci_hcd: dump_port_status_diff:150: 
[0.0] vhci_hcd: vhci_hub_control:642:  bye
[0.0] vhci_hcd: vhci_hub_control:335: typeReq a300 wValue 0 wIndex 8
[0.0] vhci_hcd: vhci_hub_control:431:  GetPortStatus port 8
[0.0] vhci_hcd: vhci_hub_control:486:  GetPortStatus bye 100 0
[0.0] vhci_hcd: vhci_hub_control:634: port 7
[0.0] vhci_hcd: dump_port_status_diff:128: status prev -> new: 00000100 -> 00000100
[0.0] vhci_hcd: dump_port_status_diff:142:   POWER
[0.0] vhci_hcd: dump_port_status_diff:150: 
[0.0] vhci_hcd: vhci_hub_control:642:  bye
[0.0] usb usb3: vhci_bus_suspend
[0.0] uart-pl011 fe201000.serial: there is not valid maps for state default
[0.0] uart-pl011 fe201000.serial: cts_event_workaround enabled
[0.0] fe201000.serial: ttyAMA0 at MMIO 0xfe201000 (irq = 21, base_baud = 0) is a PL011 rev2
[0.0] vhci_hcd: vhci_hub_control:335: typeReq a300 wValue 0 wIndex 1
[0.0] printk: console [ttyAMA0] enabled
[0.0] vhci_hcd: vhci_hub_control:431:  GetPortStatus port 1
[0.0] ------------[ cut here ]------------
[0.0] vhci_hcd: vhci_hub_control:486:  GetPortStatus bye 200 0
[0.0] vhci_hcd: vhci_hub_control:634: port 0
[0.0] vhci_hcd: dump_port_status_diff:128: status prev -> new: 00000200 -> 00000200
[0.0] vhci_hcd: dump_port_status_diff:142:   POWER
[0.0] vhci_hcd: dump_port_status_diff:150: 
[0.0] Firmware transaction timeout
[0.0] vhci_hcd: vhci_hub_control:642:  bye
[0.0] vhci_hcd: vhci_hub_control:335: typeReq a300 wValue 0 wIndex 2
[0.0] WARNING: CPU: 3 PID: 60 at drivers/firmware/raspberrypi.c:64 rpi_firmware_transaction+0xdc/0x110
[0.0] vhci_hcd: vhci_hub_control:431:  GetPortStatus port 2
[0.0] Modules linked in:
[0.0] vhci_hcd: vhci_hub_control:486:  GetPortStatus bye 200 00.0
[0.0] vhci_hcd: vhci_hub_control:634: port 1
[0.0] CPU: 3 PID: 60 Comm: kworker/3:1 Not tainted 5.10.1-v8 #1
[0.0] vhci_hcd: dump_port_status_diff:128: status prev -> new: 00000200 -> 00000200
[0.0] Hardware name: Raspberry Pi 4 Model B Rev 1.4 (DT)
[0.0] vhci_hcd: dump_port_status_diff:142:   POWER
[0.0] Workqueue: events deferred_probe_work_func
[0.0] vhci_hcd: dump_port_status_diff:150: 0.0
[0.0] vhci_hcd: vhci_hub_control:642:  bye
[0.0] pstate: 60000005 (nZCv daif -PAN -UAO -TCO BTYPE=--)
[0.0] vhci_hcd: vhci_hub_control:335: typeReq a300 wValue 0 wIndex 3
[0.0] pc : rpi_firmware_transaction+0xdc/0x110
[0.0] lr : rpi_firmware_transaction+0xdc/0x110
[0.0] sp : ffffffc011bab8d0
[0.0] vhci_hcd: vhci_hub_control:431:  GetPortStatus port 3
[0.0] x29: ffffffc011bab8d0 x28: ffffffc0112f6000 
[0.0] vhci_hcd: vhci_hub_control:486:  GetPortStatus bye 200 00.0
[0.0] x27: ffffffc01172bcc8 
[0.0] vhci_hcd: vhci_hub_control:634: port 2
[0.0] x26: ffffffc011a71008 
[0.0] vhci_hcd: dump_port_status_diff:128: status prev -> new: 00000200 -> 00000200
[0.0] x25: ffffff810157d980 
[0.0] vhci_hcd: dump_port_status_diff:142:   POWER
[0.0] x24: ffffff81008fb080 
[0.0] vhci_hcd: dump_port_status_diff:150: 0.0
[0.0] vhci_hcd: vhci_hub_control:642:  bye
[0.0] x23: ffffff8100a38000 
[0.0] vhci_hcd: vhci_hub_control:335: typeReq a300 wValue 0 wIndex 4
[0.0] x22: ffffffc01146fad8 
[0.0] x21: ffffff8100a38000 x20: ffffff81008fb080 
[0.0] vhci_hcd: vhci_hub_control:431:  GetPortStatus port 4
[0.0] x19: 00000000ffffff92 x18: ffffffffffffffff 
[0.0] vhci_hcd: vhci_hub_control:486:  GetPortStatus bye 200 00.0
[0.0] x17: 0000000000000000 
[0.0] vhci_hcd: vhci_hub_control:634: port 3
[0.0] x16: 0000000000000001 
[0.0] vhci_hcd: dump_port_status_diff:128: status prev -> new: 00000200 -> 000002000.0
[0.0] vhci_hcd: dump_port_status_diff:142:   POWER
[0.0] x15: ffffffc091bab587 
[0.0] vhci_hcd: dump_port_status_diff:150: 
[0.0] x14: ffffffc011bab58f 
[0.0] vhci_hcd: vhci_hub_control:642:  bye0.0
[0.0] vhci_hcd: vhci_hub_control:335: typeReq a300 wValue 0 wIndex 5
[0.0] x13: 69726553202c323d x12: 746375646f725020 
[0.0] x11: ffffffc011370428 x10: 0000000000079b38 
[0.0] vhci_hcd: vhci_hub_control:431:  GetPortStatus port 50.0
[0.0] vhci_hcd: vhci_hub_control:486:  GetPortStatus bye 200 0
[0.0] x9 : ffffffc0100ea2e0 
[0.0] vhci_hcd: vhci_hub_control:634: port 4
[0.0] x8 : 6563697665642042 
[0.0] vhci_hcd: dump_port_status_diff:128: status prev -> new: 00000200 -> 000002000.0
[0.0] vhci_hcd: dump_port_status_diff:142:   POWER
[0.0] x7 : 53552077654e203a 
[0.0] vhci_hcd: dump_port_status_diff:150: 
[0.0] x6 : 0000000000000000 
[0.0] vhci_hcd: vhci_hub_control:642:  bye0.0
[0.0] x5 : ffffffc0112fa000 
[0.0] vhci_hcd: vhci_hub_control:335: typeReq a300 wValue 0 wIndex 6
[0.0] x4 : 0000000000000000 
[0.0] x3 : ffffffc0112fa1d0 x2 : 0000000000000001 
[0.0] vhci_hcd: vhci_hub_control:431:  GetPortStatus port 6
[0.0] x1 : 0000000000000000 
[0.0] vhci_hcd: vhci_hub_control:486:  GetPortStatus bye 200 0
[0.0] x0 : 0000000000000000 
[0.0] vhci_hcd: vhci_hub_control:634: port 50.0
[0.0] vhci_hcd: dump_port_status_diff:128: status prev -> new: 00000200 -> 00000200
[0.0] Call trace:
[0.0] vhci_hcd: dump_port_status_diff:142:   POWER
[0.0]  rpi_firmware_transaction+0xdc/0x110
[0.0] vhci_hcd: dump_port_status_diff:150: 
[0.0]  rpi_firmware_property_list+0xbc/0x180
[0.0] vhci_hcd: vhci_hub_control:642:  bye
[0.0]  rpi_firmware_property+0x78/0x120
[0.0] vhci_hcd: vhci_hub_control:335: typeReq a300 wValue 0 wIndex 7
[0.0]  rpi_exp_gpio_get_direction+0x58/0xf0
[0.0]  gpiod_get_direction+0x70/0x110
[0.0]  gpiod_request_commit+0x140/0x1f0
[0.0] vhci_hcd: vhci_hub_control:431:  GetPortStatus port 7
[0.0]  gpiod_request+0x60/0xb0
[0.0] vhci_hcd: vhci_hub_control:486:  GetPortStatus bye 200 0
[0.0]  gpiod_get_index+0x134/0x290
[0.0] vhci_hcd: vhci_hub_control:634: port 6
[0.0]  gpiod_get_optional+0x20/0x40
[0.0] vhci_hcd: dump_port_status_diff:128: status prev -> new: 00000200 -> 00000200
[0.0]  reg_fixed_voltage_probe+0x1e0/0x350
[0.0] vhci_hcd: dump_port_status_diff:142:   POWER
[0.0]  platform_drv_probe+0x5c/0xb0
[0.0] vhci_hcd: dump_port_status_diff:150: 
[0.0]  really_probe+0xec/0x3b0
[0.0] vhci_hcd: vhci_hub_control:642:  bye
[0.0]  driver_probe_device+0x60/0xc0
[0.0] vhci_hcd: vhci_hub_control:335: typeReq a300 wValue 0 wIndex 8
[0.0]  __device_attach_driver+0x8c/0xd0
[0.0]  bus_for_each_drv+0x80/0xe0
[0.0]  __device_attach+0xfc/0x160
[0.0] vhci_hcd: vhci_hub_control:431:  GetPortStatus port 8
[0.0]  device_initial_probe+0x1c/0x30
[0.0] vhci_hcd: vhci_hub_control:486:  GetPortStatus bye 200 0
[0.0]  bus_probe_device+0xa4/0xb0
[0.0] vhci_hcd: vhci_hub_control:634: port 7
[0.0]  deferred_probe_work_func+0x7c/0xc0
[0.0] vhci_hcd: dump_port_status_diff:128: status prev -> new: 00000200 -> 00000200
[0.0]  process_one_work+0x1c8/0x490
[0.0] vhci_hcd: dump_port_status_diff:142:   POWER
[0.0]  worker_thread+0x200/0x430
[0.0] vhci_hcd: dump_port_status_diff:150: 
[0.0]  kthread+0x120/0x160
[0.0] vhci_hcd: vhci_hub_control:642:  bye
[0.0]  ret_from_fork+0x10/0x30
[0.0] vhci_hcd: vhci_hub_control:335: typeReq 2303 wValue 1b wIndex 1
[0.0] ---[ end trace 91ebe74172613b52 ]---
[0.0] raspberrypi-exp-gpio soc:firmware:gpio: Failed to get GPIO 6 config (-110 0)
[0.0] vhci_hcd: vhci_hub_control:589:  SetPortFeature: default 27
[0.0] vhci_hcd: vhci_hub_control:634: port 0
[0.0] vhci_hcd: dump_port_status_diff:128: status prev -> new: 00000200 -> 08000200
[0.0] vhci_hcd: dump_port_status_diff:142:   POWER
[0.0] vhci_hcd: dump_port_status_diff:142:  +R27
[0.0] vhci_hcd: dump_port_status_diff:150: 
[0.0] vhci_hcd: vhci_hub_control:642:  bye
[0.0] vhci_hcd: vhci_hub_control:335: typeReq 2303 wValue 1b wIndex 2
[0.0] vhci_hcd: vhci_hub_control:589:  SetPortFeature: default 27
[0.0] vhci_hcd: vhci_hub_control:634: port 1
[0.0] vhci_hcd: dump_port_status_diff:128: status prev -> new: 00000200 -> 08000200
[0.0] vhci_hcd: dump_port_status_diff:142:   POWER
[0.0] vhci_hcd: dump_port_status_diff:142:  +R27
[0.0] vhci_hcd: dump_port_status_diff:150: 
[0.0] vhci_hcd: vhci_hub_control:642:  bye
[0.0] vhci_hcd: vhci_hub_control:335: typeReq 2303 wValue 1b wIndex 3
[0.0] vhci_hcd: vhci_hub_control:589:  SetPortFeature: default 27
[0.0] vhci_hcd: vhci_hub_control:634: port 2
[0.0] vhci_hcd: dump_port_status_diff:128: status prev -> new: 00000200 -> 08000200
[0.0] vhci_hcd: dump_port_status_diff:142:   POWER
[0.0] vhci_hcd: dump_port_status_diff:142:  +R27
[0.0] vhci_hcd: dump_port_status_diff:150: 
[0.0] vhci_hcd: vhci_hub_control:642:  bye
[0.0] vhci_hcd: vhci_hub_control:335: typeReq 2303 wValue 1b wIndex 4
[0.0] vhci_hcd: vhci_hub_control:589:  SetPortFeature: default 27
[0.0] vhci_hcd: vhci_hub_control:634: port 3
[0.0] vhci_hcd: dump_port_status_diff:128: status prev -> new: 00000200 -> 08000200
[0.0] vhci_hcd: dump_port_status_diff:142:   POWER
[0.0] vhci_hcd: dump_port_status_diff:142:  +R27
[0.0] vhci_hcd: dump_port_status_diff:150: 
[0.0] vhci_hcd: vhci_hub_control:642:  bye
[0.0] vhci_hcd: vhci_hub_control:335: typeReq 2303 wValue 1b wIndex 5
[0.0] vhci_hcd: vhci_hub_control:589:  SetPortFeature: default 27
[0.0] vhci_hcd: vhci_hub_control:634: port 4
[0.0] vhci_hcd: dump_port_status_diff:128: status prev -> new: 00000200 -> 08000200
[0.0] vhci_hcd: dump_port_status_diff:142:   POWER
[0.0] vhci_hcd: dump_port_status_diff:142:  +R27
[0.0] vhci_hcd: dump_port_status_diff:150: 
[0.0] vhci_hcd: vhci_hub_control:642:  bye
[0.0] vhci_hcd: vhci_hub_control:335: typeReq 2303 wValue 1b wIndex 6
[0.0] vhci_hcd: vhci_hub_control:589:  SetPortFeature: default 27
[0.0] vhci_hcd: vhci_hub_control:634: port 5
[0.0] vhci_hcd: dump_port_status_diff:128: status prev -> new: 00000200 -> 08000200
[0.0] vhci_hcd: dump_port_status_diff:142:   POWER
[0.0] vhci_hcd: dump_port_status_diff:142:  +R27
[0.0] vhci_hcd: dump_port_status_diff:150: 
[0.0] vhci_hcd: vhci_hub_control:642:  bye
[0.0] vhci_hcd: vhci_hub_control:335: typeReq 2303 wValue 1b wIndex 7
[0.0] vhci_hcd: vhci_hub_control:589:  SetPortFeature: default 27
[0.0] vhci_hcd: vhci_hub_control:634: port 6
[0.0] vhci_hcd: dump_port_status_diff:128: status prev -> new: 00000200 -> 08000200
[0.0] vhci_hcd: dump_port_status_diff:142:   POWER
[0.0] vhci_hcd: dump_port_status_diff:142:  +R27
[0.0] vhci_hcd: dump_port_status_diff:150: 
[0.0] vhci_hcd: vhci_hub_control:642:  bye
[0.0] vhci_hcd: vhci_hub_control:335: typeReq 2303 wValue 1b wIndex 8
[0.0] vhci_hcd: vhci_hub_control:589:  SetPortFeature: default 27
[0.0] vhci_hcd: vhci_hub_control:634: port 7
[0.0] vhci_hcd: dump_port_status_diff:128: status prev -> new: 00000200 -> 08000200
[0.0] vhci_hcd: dump_port_status_diff:142:   POWER
[0.0] vhci_hcd: dump_port_status_diff:142:  +R27
[0.0] vhci_hcd: dump_port_status_diff:150: 
[0.0] vhci_hcd: vhci_hub_control:642:  bye
[0.0] usb usb4: vhci_bus_suspend
[0.0] bcm2835-aux-uart fe215040.serial: there is not valid maps for state default
[0.0] fe215040.serial: ttyS0 at MMIO 0xfe215040 (irq = 22, base_baud = 62500000) is a 16550
[0.0] bcm2835-power bcm2835-power: Broadcom BCM2835 power domains driver
[0.0] mmc-bcm2835 fe300000.mmcnr: mmc_debug:0 mmc_debug2:0
[0.0] mmc-bcm2835 fe300000.mmcnr: DMA channel allocated
[0.0] usb 1-1: new high-speed USB device number 2 using xhci_hcd
[0.0] of_cfs_init
[0.0] of_cfs_init: OK
[0.0] uart-pl011 fe201000.serial: no DMA platform data
[0.0] mmc1: queuing unknown CIS tuple 0x80 (2 bytes)
[0.0] mmc1: queuing unknown CIS tuple 0x80 (3 bytes)
[0.0] mmc1: queuing unknown CIS tuple 0x80 (3 bytes)
[0.0] mmc0: SDHCI controller on fe340000.emmc2 [fe340000.emmc2] using ADMA
[0.0] mmc1: queuing unknown CIS tuple 0x80 (7 bytes)
[0.0] Waiting for root device /dev/mmcblk0p2...
[0.0] mmc1: queuing unknown CIS tuple 0x80 (3 bytes)
[0.0] random: fast init done
[0.0] usb 1-1: New USB device found, idVendor=2109, idProduct=3431, bcdDevice= 4.21
[0.0] usb 1-1: New USB device strings: Mfr=0, Product=1, SerialNumber=0
[0.0] usb 1-1: Product: USB2.0 Hub
[0.0] hub 1-1:1.0: USB hub found
[0.0] hub 1-1:1.0: 4 ports detected
[0.0] mmc1: new high speed SDIO card at address 0001
[0.0] mmc0: new high speed SDHC card at address 1917
[0.0] mmcblk0: mmc0:1917 SD08G 7.42 GiB
[0.0]  mmcblk0: p1 p2
[0.0] EXT4-fs (mmcblk0p2): mounted filesystem with ordered data mode. Opts: (null)
[0.0] VFS: Mounted root (ext4 filesystem) readonly on device 179:2.
[0.0] devtmpfs: mounted
[0.0] Freeing unused kernel memory: 3776K
[0.0] Run /sbin/init as init process
[0.0]   with arguments:
[0.0]     /sbin/init
[0.0]   with environment:
[0.0]     HOME=/
[0.0]     TERM=linux
[0.0] usb 1-1.3: new low-speed USB device number 3 using xhci_hcd
[0.0] usb 1-1.3: New USB device found, idVendor=0461, idProduct=0010, bcdDevice= 1.04
[0.0] usb 1-1.3: New USB device strings: Mfr=1, Product=2, SerialNumber=0
[0.0] usb 1-1.3: Product: USB Keyboard
[0.0] usb 1-1.3: Manufacturer: NOVATEK
[0.0] input: NOVATEK USB Keyboard as /devices/platform/scb/fd500000.pcie/pci0000:00/0000:00:00.0/0000:01:00.0/usb1/1-1/1-1.3/1-1.3:1.0/0003:0461:0010.0001/input/input0
[0.0] hid-generic 0003:0461:0010.0001: input,hidraw0: USB HID v1.10 Keyboard [NOVATEK USB Keyboard] on usb-0000:01:00.0-1.3/input0
[0.0] input: NOVATEK USB Keyboard System Control as /devices/platform/scb/fd500000.pcie/pci0000:00/0000:00:00.0/0000:01:00.0/usb1/1-1/1-1.3/1-1.3:1.1/0003:0461:0010.0002/input/input1
[0.0] input: NOVATEK USB Keyboard Consumer Control as /devices/platform/scb/fd500000.pcie/pci0000:00/0000:00:00.0/0000:01:00.0/usb1/1-1/1-1.3/1-1.3:1.1/0003:0461:0010.0002/input/input2
[0.0] EXT4-fs (mmcblk0p2): re-mounted. Opts: (null)
[0.0] hid-generic 0003:0461:0010.0002: input,hidraw1: USB HID v1.10 Device [NOVATEK USB Keyboard] on usb-0000:01:00.0-1.3/input1
[0.0] FAT-fs (mmcblk0p1): Volume was not properly unmounted. Some data may be corrupt. Please run fsck.
[0.0] rpivid-mem feb00000.hevc-decoder: rpivid-hevcmem initialised: Registers at 0xfeb00000 length 0x00010000
[0.0] rpivid-mem feb10000.rpivid-local-intc: rpivid-intcmem initialised: Registers at 0xfeb10000 length 0x00001000
[0.0] rpivid-mem feb20000.h264-decoder: rpivid-h264mem initialised: Registers at 0xfeb20000 length 0x00010000
[0.0] rpivid-mem feb30000.vp9-decoder: rpivid-vp9mem initialised: Registers at 0xfeb30000 length 0x00010000
[0.0] mc: Linux media interface: v0.10
[0.0] videodev: Linux video capture interface: v2.00
[0.0] vc_sm_cma: module is from the staging directory, the quality is unknown, you have been warned.
[0.0] bcm2835_vc_sm_cma_probe: Videocore shared memory driver
[0.0] [vc_sm_connected_init]: start
[0.0] [vc_sm_connected_init]: installed successfully
[0.0] bcm2835_mmal_vchiq: module is from the staging directory, the quality is unknown, you have been warned.
[0.0] bcm2835_v4l2: module is from the staging directory, the quality is unknown, you have been warned.
[0.0] bcm2835_codec: module is from the staging directory, the quality is unknown, you have been warned.
[0.0] bcm2835-codec bcm2835-codec: Device registered as /dev/video10
[0.0] bcm2835-codec bcm2835-codec: Loaded V4L2 decode
[0.0] bcm2835-codec bcm2835-codec: Device registered as /dev/video11
[0.0] bcm2835-codec bcm2835-codec: Loaded V4L2 encode
[0.0] bcm2835-codec bcm2835-codec: Device registered as /dev/video12
[0.0] bcm2835-codec bcm2835-codec: Loaded V4L2 isp
[0.0] bcm2835_isp: module is from the staging directory, the quality is unknown, you have been warned.
[0.0] bcm2835-isp bcm2835-isp: Device node output[0] registered as /dev/video13
[0.0] bcm2835-isp bcm2835-isp: Device node capture[0] registered as /dev/video14
[0.0] bcm2835-isp bcm2835-isp: Device node capture[1] registered as /dev/video15
[0.0] bcm2835-isp bcm2835-isp: Device node stats[2] registered as /dev/video16
[0.0] bcm2835-isp bcm2835-isp: Register output node 0 with media controller
[0.0] bcm2835-isp bcm2835-isp: Register capture node 1 with media controller
[0.0] bcm2835-isp bcm2835-isp: Register capture node 2 with media controller
[0.0] bcm2835-isp bcm2835-isp: Register capture node 3 with media controller
[0.0] bcm2835-isp bcm2835-isp: Loaded V4L2 bcm2835-isp
[0.0] cfg80211: Loading compiled-in X.509 certificates for regulatory database
[0.0] cfg80211: Loaded X.509 cert 'sforshee: 00b28ddf47aef9cea7'
[0.0] platform regulatory.0: Direct firmware load for regulatory.db failed with error -2
[0.0] cfg80211: failed to load regulatory.db
[0.0] brcmfmac: F1 signature read @0x18000000=0x15264345
[0.0] brcmfmac: brcmf_fw_alloc_request: using brcm/brcmfmac43455-sdio for chip BCM4345/6
[0.0] usbcore: registered new interface driver brcmfmac
[0.0] brcmfmac mmc1:0001:1: Direct firmware load for brcm/brcmfmac43455-sdio.raspberrypi,4-model-b.txt failed with error -2
[0.0] udevd[155]: starting version 3.2.9
[0.0] random: udevd: uninitialized urandom read (16 bytes read)
[0.0] random: udevd: uninitialized urandom read (16 bytes read)
[0.0] random: udevd: uninitialized urandom read (16 bytes read)
[0.0] udevd[156]: starting eudev-3.2.9
[0.0] brcmfmac: brcmf_fw_alloc_request: using brcm/brcmfmac43455-sdio for chip BCM4345/6
[0.0] brcmfmac: brcmf_c_preinit_dcmds: Firmware: BCM4345/6 wl0: Mar 23 2020 02:19:54 version 7.45.206 (r725000 CY) FWID 01-88ee44ea
[0.0] urandom_read: 5 callbacks suppressed
[0.0] random: dbus-uuidgen: uninitialized urandom read (12 bytes read)
[0.0] random: dbus-uuidgen: uninitialized urandom read (8 bytes read)
[0.0] bcmgenet fd580000.ethernet: configuring instance for external RGMII (RX delay)
[0.0] bcmgenet fd580000.ethernet eth0: Link is Down
[0.0] brcmfmac: brcmf_cfg80211_set_power_mgmt: power save enabled
[0.0] NET: Registered protocol family 10
[0.0] Segment Routing with IPv6
[0.0] bcmgenet fd580000.ethernet eth0: Link is Up - 1Gbps/Full - flow control rx/tx
[0.0] IPv6: ADDRCONF(NETDEV_CHANGE): eth0: link becomes ready
[0.0] random: crng init done
[0.0] bridge: filtering via arp/ip/ip6tables is no longer available by default. Update your scripts to load br_netfilter if you need this.
[0.0] Bridge firewalling registered0.0